Class Number: 20
particle number: 100
Check Point 1
Check Point 2
Check Point 3
Check Point 4
Check Point 5
Check Point 6
gnuplot cmd: "statisticMk04.dat" using 1:2 w lp pt 1,"statisticMk04.dat" using 1:3 w lp pt 1,"statisticMk04.dat" using 1:4 w lp pt 1,"statisticMk04.dat" using 1:5 w lp pt 1,"statisticMk04.dat" using 1:6 w lp pt 1,"statisticMk04.dat" using 1:7 w lp pt 1,"statisticMk04.dat" using 1:8 w lp pt 1,"statisticMk04.dat" using 1:9 w lp pt 1,"statisticMk04.dat" using 1:10 w lp pt 1,"statisticMk04.dat" using 1:11 w lp pt 1,"statisticMk04.dat" using 1:12 w lp pt 1,"statisticMk04.dat" using 1:13 w lp pt 1,"statisticMk04.dat" using 1:14 w lp pt 1,"statisticMk04.dat" using 1:15 w lp pt 1,"statisticMk04.dat" using 1:16 w lp pt 1,"statisticMk04.dat" using 1:17 w lp pt 1,"statisticMk04.dat" using 1:18 w lp pt 1,"statisticMk04.dat" using 1:19 w lp pt 1,"statisticMk04.dat" using 1:20 w lp pt 1,"statisticMk04.dat" using 1:21 w lp pt 1,"statisticMk04.dat" using 1:22 w lp pt 1,"statisticMk04.dat" using 1:23 w lp pt 1,"statisticMk04.dat" using 1:24 w lp pt 1,"statisticMk04.dat" using 1:25 w lp pt 1,"statisticMk04.dat" using 1:26 w lp pt 1,"statisticMk04.dat" using 1:27 w lp pt 1,"statisticMk04.dat" using 1:28 w lp pt 1,"statisticMk04.dat" using 1:29 w lp pt 1,"statisticMk04.dat" using 1:30 w lp pt 1,"statisticMk04.dat" using 1:31 w lp pt 1,"statisticMk04.dat" using 1:32 w lp pt 1,"statisticMk04.dat" using 1:33 w lp pt 1,"statisticMk04.dat" using 1:34 w lp pt 1,"statisticMk04.dat" using 1:35 w lp pt 1,"statisticMk04.dat" using 1:36 w lp pt 1,"statisticMk04.dat" using 1:37 w lp pt 1,"statisticMk04.dat" using 1:38 w lp pt 1,"statisticMk04.dat" using 1:39 w lp pt 1,"statisticMk04.dat" using 1:40 w lp pt 1,"statisticMk04.dat" using 1:41 w lp pt 1,"statisticMk04.dat" using 1:42 w lp pt 1,"statisticMk04.dat" using 1:43 w lp pt 1,"statisticMk04.dat" using 1:44 w lp pt 1,"statisticMk04.dat" using 1:45 w lp pt 1,"statisticMk04.dat" using 1:46 w lp pt 1,"statisticMk04.dat" using 1:47 w lp pt 1,"statisticMk04.dat" using 1:48 w lp pt 1,"statisticMk04.dat" using 1:49 w lp pt 1,"statisticMk04.dat" using 1:50 w lp pt 1,"statisticMk04.dat" using 1:51 w lp pt 1,"statisticMk04.dat" using 1:52 w lp pt 1,"statisticMk04.dat" using 1:53 w lp pt 1,"statisticMk04.dat" using 1:54 w lp pt 1,"statisticMk04.dat" using 1:55 w lp pt 1,"statisticMk04.dat" using 1:56 w lp pt 1,"statisticMk04.dat" using 1:57 w lp pt 1,"statisticMk04.dat" using 1:58 w lp pt 1,"statisticMk04.dat" using 1:59 w lp pt 1,"statisticMk04.dat" using 1:60 w lp pt 1,"statisticMk04.dat" using 1:61 w lp pt 1,"statisticMk04.dat" using 1:62 w lp pt 1,"statisticMk04.dat" using 1:63 w lp pt 1,"statisticMk04.dat" using 1:64 w lp pt 1,"statisticMk04.dat" using 1:65 w lp pt 1,"statisticMk04.dat" using 1:66 w lp pt 1,"statisticMk04.dat" using 1:67 w lp pt 1,"statisticMk04.dat" using 1:68 w lp pt 1,"statisticMk04.dat" using 1:69 w lp pt 1,"statisticMk04.dat" using 1:70 w lp pt 1,"statisticMk04.dat" using 1:71 w lp pt 1,"statisticMk04.dat" using 1:72 w lp pt 1,"statisticMk04.dat" using 1:73 w lp pt 1,"statisticMk04.dat" using 1:74 w lp pt 1,"statisticMk04.dat" using 1:75 w lp pt 1,"statisticMk04.dat" using 1:76 w lp pt 1,"statisticMk04.dat" using 1:77 w lp pt 1,"statisticMk04.dat" using 1:78 w lp pt 1,"statisticMk04.dat" using 1:79 w lp pt 1,"statisticMk04.dat" using 1:80 w lp pt 1,"statisticMk04.dat" using 1:81 w lp pt 1,"statisticMk04.dat" using 1:82 w lp pt 1,"statisticMk04.dat" using 1:83 w lp pt 1,"statisticMk04.dat" using 1:84 w lp pt 1,"statisticMk04.dat" using 1:85 w lp pt 1,"statisticMk04.dat" using 1:86 w lp pt 1,"statisticMk04.dat" using 1:87 w lp pt 1,"statisticMk04.dat" using 1:88 w lp pt 1,"statisticMk04.dat" using 1:89 w lp pt 1,"statisticMk04.dat" using 1:90 w lp pt 1,"statisticMk04.dat" using 1:91 w lp pt 1,"statisticMk04.dat" using 1:92 w lp pt 1,"statisticMk04.dat" using 1:93 w lp pt 1,"statisticMk04.dat" using 1:94 w lp pt 1,"statisticMk04.dat" using 1:95 w lp pt 1,"statisticMk04.dat" using 1:96 w lp pt 1,"statisticMk04.dat" using 1:97 w lp pt 1,"statisticMk04.dat" using 1:98 w lp pt 1,"statisticMk04.dat" using 1:99 w lp pt 1,"statisticMk04.dat" using 1:100 w lp pt 1,"statisticMk04.dat" using 1:101 w lp pt 1
Check Point 7
special treat: average
10.727  5.636  10.545  8.000  10.272  5.272  9.090  6.272  7.363  3.000  4.545  8.818  7.909  5.363  11.000  12.000  11.818  7.090  7.000  9.363  11.181  8.818  7.909  12.000  9.727  7.181  8.363  10.818  6.727  3.545  6.545  4.545  10.090  10.000  10.000  2.727  10.272  10.545  6.363  8.090  7.363  4.090  10.636  8.181  7.181  10.727  7.636  8.545  10.090  11.363  11.272  9.909  7.454  10.727  11.727  8.090  6.636  1.818  10.181  9.636  10.363  7.090  5.454  11.000  10.636  12.090  6.000  5.454  10.000  12.000  9.818  10.272  10.090  10.818  9.545  10.818  8.181  9.636  9.454  11.454  5.181  8.090  3.545  10.272  9.090  4.363  8.272  10.363  4.454  7.000  8.181  9.909  6.727  7.363  7.454  6.181  11.818  7.090  8.363  12.454   
special treat: variance
58.730  30.273  34.030  18.727  23.013  9.689  31.604  29.227  39.464  22.363  21.219  23.283  27.072  13.910  31.818  31.272  29.482  27.306  40.545  29.200  31.600  22.011  43.254  42.000  49.540  9.136  23.332  27.234  14.515  4.690  33.550  22.855  32.662  28.000  42.909  25.573  25.922  28.575  29.960  19.637  41.101  21.404  29.844  37.979  39.317  62.003  27.265  27.335  30.299  34.754  29.459  42.775  38.327  27.094  46.284  19.637  10.588  .456  48.574  36.257  53.432  9.306  32.657  26.909  39.299  51.142  39.454  5.203  44.000  25.272  27.349  33.013  28.481  31.597  26.410  36.143  43.070  36.257  42.724  25.303  6.904  22.001  1.963  25.376  30.513  11.497  24.120  41.614  14.459  36.727  27.433  24.957  21.970  46.191  26.327  16.656  44.027  38.215  22.969  43.502   
Check Point 8
special treat: oscillation
6  5  4  7  4  3  4  6  5  3  5  6  4  7  4  4  4  8  8  4  5  7  8  3  4  4  5  6  8  5  8  5  6  6  4  5  6  4  8  5  8  5  5  5  7  3  7  8  5  4  6  6  5  5  5  3  4  2  7  6  6  3  6  7  6  5  5  2  5  5  4  6  5  8  4  7  5  8  5  4  4  7  2  6  4  5  4  7  3  8  5  5  6  8  5  7  4  7  6  4   
Original:
6:0   5:1   4:2   7:3   4:4   3:5   4:6   6:7   5:8   3:9   5:10   6:11   4:12   7:13   4:14   4:15   4:16   8:17   8:18   4:19   5:20   7:21   8:22   3:23   4:24   4:25   5:26   6:27   8:28   5:29   8:30   5:31   6:32   6:33   4:34   5:35   6:36   4:37   8:38   5:39   8:40   5:41   5:42   5:43   7:44   3:45   7:46   8:47   5:48   4:49   6:50   6:51   5:52   5:53   5:54   3:55   4:56   2:57   7:58   6:59   6:60   3:61   6:62   7:63   6:64   5:65   5:66   2:67   5:68   5:69   4:70   6:71   5:72   8:73   4:74   7:75   5:76   8:77   5:78   4:79   4:80   7:81   2:82   6:83   4:84   5:85   4:86   7:87   3:88   8:89   5:90   5:91   6:92   8:93   5:94   7:95   4:96   7:97   6:98   4:99    
Sorted:
2:57   2:67   2:82   3:45   3:55   3:5   3:61   3:9   3:23   3:88   4:2   4:24   4:25   4:34   4:37   4:6   4:49   4:4   4:56   4:12   4:14   4:15   4:70   4:74   4:79   4:80   4:16   4:84   4:86   4:19   4:96   4:99   5:35   5:39   5:41   5:42   5:43   5:48   5:8   5:52   5:53   5:54   5:1   5:20   5:65   5:66   5:68   5:69   5:72   5:10   5:76   5:78   5:26   5:85   5:29   5:90   5:91   5:94   5:31   6:59   6:60   6:36   6:62   6:64   6:7   6:71   6:50   6:51   6:11   6:0   6:33   6:83   6:27   6:92   6:32   6:98   7:81   7:3   7:75   7:63   7:87   7:13   7:21   7:46   7:95   7:97   7:44   7:58   8:22   8:89   8:17   8:18   8:77   8:93   8:73   8:38   8:30   8:40   8:28   8:47    
Check Point 9
writing rogue...
rogue:  99-77; path: 3d_half02_run01_it012_data.star
rogue:  98-58; path: 3d_half02_run01_it012_data.star
rogue:  97-70; path: 3d_half02_run01_it012_data.star
rogue:  96-60; path: 3d_half02_run01_it012_data.star
rogue:  95-68; path: 3d_half02_run01_it012_data.star
rogue:  94-103; path: 3d_half02_run01_it012_data.star
rogue:  93-123; path: 3d_half02_run01_it012_data.star
rogue:  92-107; path: 3d_half02_run01_it012_data.star
rogue:  91-48; path: 3d_half02_run01_it012_data.star
rogue:  90-47; path: 3d_half02_run01_it012_data.star
rogue:  89-119; path: 3d_half02_run01_it012_data.star
rogue:  88-52; path: 3d_half02_run01_it012_data.star
rogue:  87-88; path: 3d_half02_run01_it012_data.star
rogue:  86-74; path: 3d_half02_run01_it012_data.star
rogue:  85-127; path: 3d_half02_run01_it012_data.star
rogue:  84-125; path: 3d_half02_run01_it012_data.star
rogue:  83-76; path: 3d_half02_run01_it012_data.star
rogue:  82-51; path: 3d_half02_run01_it012_data.star
rogue:  81-43; path: 3d_half02_run01_it012_data.star
rogue:  80-117; path: 3d_half02_run01_it012_data.star
Check Point 10
prudent:  0-87; path: 3d_half02_run01_it012_data.star
prudent:  1-97; path: 3d_half02_run01_it012_data.star
prudent:  2-112; path: 3d_half02_run01_it012_data.star
prudent:  3-75; path: 3d_half02_run01_it012_data.star
prudent:  4-85; path: 3d_half02_run01_it012_data.star
prudent:  5-35; path: 3d_half02_run01_it012_data.star
prudent:  6-91; path: 3d_half02_run01_it012_data.star
prudent:  7-39; path: 3d_half02_run01_it012_data.star
prudent:  8-53; path: 3d_half02_run01_it012_data.star
prudent:  9-118; path: 3d_half02_run01_it012_data.star
prudent:  10-32; path: 3d_half02_run01_it012_data.star
prudent:  11-54; path: 3d_half02_run01_it012_data.star
prudent:  12-55; path: 3d_half02_run01_it012_data.star
prudent:  13-64; path: 3d_half02_run01_it012_data.star
prudent:  14-67; path: 3d_half02_run01_it012_data.star
prudent:  15-36; path: 3d_half02_run01_it012_data.star
prudent:  16-79; path: 3d_half02_run01_it012_data.star
prudent:  17-34; path: 3d_half02_run01_it012_data.star
prudent:  18-86; path: 3d_half02_run01_it012_data.star
prudent:  19-42; path: 3d_half02_run01_it012_data.star
prudent:  20-44; path: 3d_half02_run01_it012_data.star
prudent:  21-45; path: 3d_half02_run01_it012_data.star
prudent:  22-100; path: 3d_half02_run01_it012_data.star
prudent:  23-104; path: 3d_half02_run01_it012_data.star
prudent:  24-109; path: 3d_half02_run01_it012_data.star
prudent:  25-110; path: 3d_half02_run01_it012_data.star
prudent:  26-46; path: 3d_half02_run01_it012_data.star
prudent:  27-114; path: 3d_half02_run01_it012_data.star
prudent:  28-116; path: 3d_half02_run01_it012_data.star
prudent:  29-49; path: 3d_half02_run01_it012_data.star
prudent:  30-126; path: 3d_half02_run01_it012_data.star
prudent:  31-129; path: 3d_half02_run01_it012_data.star
prudent:  32-65; path: 3d_half02_run01_it012_data.star
prudent:  33-69; path: 3d_half02_run01_it012_data.star
prudent:  34-71; path: 3d_half02_run01_it012_data.star
prudent:  35-72; path: 3d_half02_run01_it012_data.star
prudent:  36-73; path: 3d_half02_run01_it012_data.star
prudent:  37-78; path: 3d_half02_run01_it012_data.star
prudent:  38-38; path: 3d_half02_run01_it012_data.star
prudent:  39-82; path: 3d_half02_run01_it012_data.star
prudent:  40-83; path: 3d_half02_run01_it012_data.star
prudent:  41-84; path: 3d_half02_run01_it012_data.star
prudent:  42-31; path: 3d_half02_run01_it012_data.star
prudent:  43-50; path: 3d_half02_run01_it012_data.star
prudent:  44-95; path: 3d_half02_run01_it012_data.star
prudent:  45-96; path: 3d_half02_run01_it012_data.star
prudent:  46-98; path: 3d_half02_run01_it012_data.star
prudent:  47-99; path: 3d_half02_run01_it012_data.star
prudent:  48-102; path: 3d_half02_run01_it012_data.star
prudent:  49-40; path: 3d_half02_run01_it012_data.star
prudent:  50-106; path: 3d_half02_run01_it012_data.star
prudent:  51-108; path: 3d_half02_run01_it012_data.star
prudent:  52-56; path: 3d_half02_run01_it012_data.star
prudent:  53-115; path: 3d_half02_run01_it012_data.star
prudent:  54-59; path: 3d_half02_run01_it012_data.star
prudent:  55-120; path: 3d_half02_run01_it012_data.star
prudent:  56-121; path: 3d_half02_run01_it012_data.star
prudent:  57-124; path: 3d_half02_run01_it012_data.star
prudent:  58-61; path: 3d_half02_run01_it012_data.star
prudent:  59-89; path: 3d_half02_run01_it012_data.star
prudent:  60-90; path: 3d_half02_run01_it012_data.star
prudent:  61-66; path: 3d_half02_run01_it012_data.star
prudent:  62-92; path: 3d_half02_run01_it012_data.star
prudent:  63-94; path: 3d_half02_run01_it012_data.star
prudent:  64-37; path: 3d_half02_run01_it012_data.star
prudent:  65-101; path: 3d_half02_run01_it012_data.star
prudent:  66-80; path: 3d_half02_run01_it012_data.star
prudent:  67-81; path: 3d_half02_run01_it012_data.star
prudent:  68-41; path: 3d_half02_run01_it012_data.star
prudent:  69-30; path: 3d_half02_run01_it012_data.star
prudent:  70-63; path: 3d_half02_run01_it012_data.star
prudent:  71-113; path: 3d_half02_run01_it012_data.star
prudent:  72-57; path: 3d_half02_run01_it012_data.star
prudent:  73-122; path: 3d_half02_run01_it012_data.star
prudent:  74-62; path: 3d_half02_run01_it012_data.star
prudent:  75-128; path: 3d_half02_run01_it012_data.star
prudent:  76-111; path: 3d_half02_run01_it012_data.star
prudent:  77-33; path: 3d_half02_run01_it012_data.star
prudent:  78-105; path: 3d_half02_run01_it012_data.star
prudent:  79-93; path: 3d_half02_run01_it012_data.star
Check Point 11
Job Done!
